<?xml version="1.0" encoding="UTF-8"?>
<!-- Generated by org.testng.reporters.JUnitXMLReporter -->
<testsuite ignored="4" hostname="SVRODK00398.local" failures="3" tests="3" name="Command line test" time="0.019" errors="0" timestamp="2020-07-08T03:39:16 EEST">
  <testcase classname="modernTests.Task1CrossDeviceElementsTest" name="task1CrossDeviceElementsTest" time="0.0">
    <failure type="org.testng.TestNGException" message="
Parameter &amp;apos;appUrl&amp;apos; is required by @Test on method task1CrossDeviceElementsTest but has not been marked @Optional or defined
">
      <![CDATA[org.testng.TestNGException: 
Parameter 'appUrl' is required by @Test on method task1CrossDeviceElementsTest but has not been marked @Optional or defined

at java.base/java.util.ArrayList.forEach(ArrayList.java:1540)
... Removed 36 stack frames]]>
    </failure>
  </testcase> <!-- task1CrossDeviceElementsTest -->
  <testcase classname="modernTests.Task2ShoppingExperienceTest" name="task2ShoppingExperienceTest" time="0.0">
    <failure type="org.testng.TestNGException" message="
Parameter &amp;apos;appUrl&amp;apos; is required by @Test on method task2ShoppingExperienceTest but has not been marked @Optional or defined
">
      <![CDATA[org.testng.TestNGException: 
Parameter 'appUrl' is required by @Test on method task2ShoppingExperienceTest but has not been marked @Optional or defined

at java.base/java.util.ArrayList.forEach(ArrayList.java:1540)
... Removed 36 stack frames]]>
    </failure>
  </testcase> <!-- task2ShoppingExperienceTest -->
  <testcase classname="modernTests.Task3ProductDetailsTest" name="task3ProductDetailsTest" time="0.0">
    <failure type="org.testng.TestNGException" message="
Parameter &amp;apos;appUrl&amp;apos; is required by @Test on method task3ProductDetailsTest but has not been marked @Optional or defined
">
      <![CDATA[org.testng.TestNGException: 
Parameter 'appUrl' is required by @Test on method task3ProductDetailsTest but has not been marked @Optional or defined

at java.base/java.util.ArrayList.forEach(ArrayList.java:1540)
... Removed 36 stack frames]]>
    </failure>
  </testcase> <!-- task3ProductDetailsTest -->
  <testcase classname="modernTests.BaseTestUFG" name="@AfterSuite afterTestSuite" time="0.0">
    <ignored/>
  </testcase> <!-- @AfterSuite afterTestSuite -->
  <testcase classname="modernTests.BaseTestUFG" name="@AfterSuite afterTestSuite" time="0.0">
    <ignored/>
  </testcase> <!-- @AfterSuite afterTestSuite -->
  <testcase classname="modernTests.BaseTestUFG" name="@BeforeSuite beforeTestSuite" time="0.0">
    <ignored/>
  </testcase> <!-- @BeforeSuite beforeTestSuite -->
  <testcase classname="modernTests.BaseTestUFG" name="@BeforeSuite beforeTestSuite" time="0.0">
    <ignored/>
  </testcase> <!-- @BeforeSuite beforeTestSuite -->
</testsuite> <!-- Command line test -->
